<?xml version="1.0" encoding="UTF-8"?>
<!-- Generated by org.testng.reporters.JUnitReportReporter -->
<testsuite hostname="DESKTOP-E6USKPL" name="com.hfbank.testng.Test4" tests="1" failures="0" timestamp="24 Oct 2018 03:30:47 GMT" time="0.002" errors="0">
  <testcase name="shouldAnswerWithTrue" time="0.002" classname="com.hfbank.testng.Test4"/>
</testsuite> <!-- com.hfbank.testng.Test4 -->
