<?xml version="1.0" encoding="UTF-8"?>
<!-- Generated by org.testng.reporters.JUnitReportReporter -->
<testsuite hostname="DESKTOP-E6USKPL" name="com.hfbank.testng.Test2" tests="1" failures="0" timestamp="24 Oct 2018 09:51:19 GMT" time="0.007" errors="0">
  <testcase name="shouldAnswerWithTrue" time="0.007" classname="com.hfbank.testng.Test2"/>
</testsuite> <!-- com.hfbank.testng.Test2 -->
