<?xml version="1.0" encoding="UTF-8"?>
<!-- Generated by org.testng.reporters.JUnitReportReporter -->
<testsuite hostname="DESKTOP-E6USKPL" name="cn.com.hfbank.hxshApp.test.dingdingtest" tests="1" failures="0" timestamp="11 May 2018 03:57:31 GMT" time="15.764" errors="0">
  <testcase name="addContact" time="15.764" classname="cn.com.hfbank.hxshApp.test.dingdingtest"/>
</testsuite> <!-- cn.com.hfbank.hxshApp.test.dingdingtest -->
